{"C:\\Users\\user\\Desktop\\hb-javascript-test-101\\script.js": {"path":"C:\\Users\\user\\Desktop\\hb-javascript-test-101\\script.js","statementMap":{"0":{"start":{"line":4,"column":12},"end":{"line":4,"column":43}},"1":{"start":{"line":5,"column":12},"end":{"line":5,"column":43}},"2":{"start":{"line":6,"column":12},"end":{"line":6,"column":43}},"3":{"start":{"line":7,"column":16},"end":{"line":9,"column":9}},"4":{"start":{"line":10,"column":8},"end":{"line":10,"column":19}},"5":{"start":{"line":14,"column":12},"end":{"line":14,"column":39}},"6":{"start":{"line":14,"column":30},"end":{"line":14,"column":38}},"7":{"start":{"line":15,"column":4},"end":{"line":15,"column":12}},"8":{"start":{"line":19,"column":19},"end":{"line":19,"column":21}},"9":{"start":{"line":20,"column":4},"end":{"line":24,"column":5}},"10":{"start":{"line":21,"column":8},"end":{"line":23,"column":9}},"11":{"start":{"line":22,"column":12},"end":{"line":22,"column":34}},"12":{"start":{"line":25,"column":4},"end":{"line":25,"column":19}},"13":{"start":{"line":29,"column":12},"end":{"line":29,"column":42}},"14":{"start":{"line":29,"column":27},"end":{"line":29,"column":41}},"15":{"start":{"line":30,"column":4},"end":{"line":30,"column":12}},"16":{"start":{"line":34,"column":19},"end":{"line":34,"column":21}},"17":{"start":{"line":35,"column":4},"end":{"line":37,"column":5}},"18":{"start":{"line":36,"column":8},"end":{"line":36,"column":41}},"19":{"start":{"line":38,"column":4},"end":{"line":38,"column":19}},"20":{"start":{"line":42,"column":4},"end":{"line":42,"column":28}},"21":{"start":{"line":46,"column":14},"end":{"line":46,"column":49}},"22":{"start":{"line":47,"column":22},"end":{"line":47,"column":64}},"23":{"start":{"line":48,"column":4},"end":{"line":48,"column":67}},"24":{"start":{"line":53,"column":8},"end":{"line":53,"column":24}},"25":{"start":{"line":54,"column":8},"end":{"line":54,"column":22}},"26":{"start":{"line":58,"column":8},"end":{"line":58,"column":30}},"27":{"start":{"line":63,"column":4},"end":{"line":63,"column":27}}},"fnMap":{"0":{"name":"generateRandomColor","decl":{"start":{"line":3,"column":16},"end":{"line":3,"column":35}},"loc":{"start":{"line":3,"column":38},"end":{"line":11,"column":1}},"line":3},"1":{"name":"functionalFilterNegativeNumbers","decl":{"start":{"line":13,"column":16},"end":{"line":13,"column":47}},"loc":{"start":{"line":13,"column":52},"end":{"line":16,"column":1}},"line":13},"2":{"name":"(anonymous_2)","decl":{"start":{"line":14,"column":23},"end":{"line":14,"column":24}},"loc":{"start":{"line":14,"column":30},"end":{"line":14,"column":38}},"line":14},"3":{"name":"filterNegativeNumbers","decl":{"start":{"line":18,"column":16},"end":{"line":18,"column":37}},"loc":{"start":{"line":18,"column":43},"end":{"line":26,"column":1}},"line":18},"4":{"name":"functionalMapNumbersIntoStrings","decl":{"start":{"line":28,"column":16},"end":{"line":28,"column":47}},"loc":{"start":{"line":28,"column":53},"end":{"line":31,"column":1}},"line":28},"5":{"name":"(anonymous_5)","decl":{"start":{"line":29,"column":20},"end":{"line":29,"column":21}},"loc":{"start":{"line":29,"column":27},"end":{"line":29,"column":41}},"line":29},"6":{"name":"mapNumbersIntoStrings","decl":{"start":{"line":33,"column":16},"end":{"line":33,"column":37}},"loc":{"start":{"line":33,"column":43},"end":{"line":39,"column":1}},"line":33},"7":{"name":"printType","decl":{"start":{"line":41,"column":16},"end":{"line":41,"column":25}},"loc":{"start":{"line":41,"column":32},"end":{"line":43,"column":1}},"line":41},"8":{"name":"isPalindrome","decl":{"start":{"line":45,"column":16},"end":{"line":45,"column":28}},"loc":{"start":{"line":45,"column":34},"end":{"line":49,"column":1}},"line":45},"9":{"name":"(anonymous_9)","decl":{"start":{"line":52,"column":4},"end":{"line":52,"column":5}},"loc":{"start":{"line":52,"column":27},"end":{"line":55,"column":5}},"line":52},"10":{"name":"(anonymous_10)","decl":{"start":{"line":57,"column":4},"end":{"line":57,"column":5}},"loc":{"start":{"line":57,"column":16},"end":{"line":59,"column":5}},"line":57},"11":{"name":"printOutPersonAge","decl":{"start":{"line":62,"column":16},"end":{"line":62,"column":33}},"loc":{"start":{"line":62,"column":42},"end":{"line":64,"column":1}},"line":62}},"branchMap":{"0":{"loc":{"start":{"line":21,"column":8},"end":{"line":23,"column":9}},"type":"if","locations":[{"start":{"line":21,"column":8},"end":{"line":23,"column":9}},{"start":{"line":21,"column":8},"end":{"line":23,"column":9}}],"line":21}},"s":{"0":1,"1":1,"2":1,"3":1,"4":1,"5":3,"6":2,"7":3,"8":5,"9":5,"10":16,"11":9,"12":5,"13":2,"14":3,"15":2,"16":3,"17":3,"18":6,"19":3,"20":1,"21":3,"22":3,"23":3,"24":2,"25":2,"26":1,"27":1},"f":{"0":1,"1":3,"2":2,"3":5,"4":2,"5":3,"6":3,"7":1,"8":3,"9":2,"10":1,"11":1},"b":{"0":[9,7]},"_coverageSchema":"332fd63041d2c1bcb487cc26dd0d5f7d97098a6c","hash":"afbff3dec36528b68c132775852732e6514a8e9d"}
}
