TN:
SF:C:\Users\user\Desktop\hb-javascript-test-101\script.js
FN:3,generateRandomColor
FN:13,functionalFilterNegativeNumbers
FN:14,(anonymous_2)
FN:18,filterNegativeNumbers
FN:28,functionalMapNumbersIntoStrings
FN:29,(anonymous_5)
FN:33,mapNumbersIntoStrings
FN:41,printType
FN:45,isPalindrome
FN:52,(anonymous_9)
FN:57,(anonymous_10)
FN:62,printOutPersonAge
FNF:12
FNH:12
FNDA:1,generateRandomColor
FNDA:3,functionalFilterNegativeNumbers
FNDA:2,(anonymous_2)
FNDA:5,filterNegativeNumbers
FNDA:2,functionalMapNumbersIntoStrings
FNDA:3,(anonymous_5)
FNDA:3,mapNumbersIntoStrings
FNDA:1,printType
FNDA:3,isPalindrome
FNDA:2,(anonymous_9)
FNDA:1,(anonymous_10)
FNDA:1,printOutPersonAge
DA:4,1
DA:5,1
DA:6,1
DA:7,1
DA:10,1
DA:14,3
DA:15,3
DA:19,5
DA:20,5
DA:21,16
DA:22,9
DA:25,5
DA:29,3
DA:30,2
DA:34,3
DA:35,3
DA:36,6
DA:38,3
DA:42,1
DA:46,3
DA:47,3
DA:48,3
DA:53,2
DA:54,2
DA:58,1
DA:63,1
LF:26
LH:26
BRDA:21,0,0,9
BRDA:21,0,1,7
BRF:2
BRH:2
end_of_record
